#
# There is insufficient memory for the Java Runtime Environment to continue.
# Native memory allocation (malloc) failed to allocate 32744 bytes for ChunkPool::allocate
# Possible reasons:
#   The system is out of physical RAM or swap space
#   The process is running with CompressedOops enabled, and the Java Heap may be blocking the growth of the native heap
# Possible solutions:
#   Reduce memory load on the system
#   Increase physical memory or swap space
#   Check if swap backing store is full
#   Decrease Java heap size (-Xmx/-Xms)
#   Decrease number of Java threads
#   Decrease Java thread stack sizes (-Xss)
#   Set larger code cache with -XX:ReservedCodeCacheSize=
#   JVM is running with Unscaled Compressed Oops mode in which the Java heap is
#     placed in the first 4GB address space. The Java Heap base address is the
#     maximum limit for the native heap growth. Please use -XX:HeapBaseMinAddress
#     to set the Java Heap base and to place the Java Heap above 4GB virtual address.
# This output file may be truncated or incomplete.
#
#  Out of Memory Error (./open/src/hotspot/share/memory/arena.cpp:79), pid=32172, tid=34800
#
# JRE version: OpenJDK Runtime Environment (15.0.2+7) (build 15.0.2+7-27)
# Java VM: OpenJDK 64-Bit Server VM (15.0.2+7-27, mixed mode, tiered, compressed oops, g1 gc, windows-amd64)
# No core dump will be written. Minidumps are not enabled by default on client versions of Windows
#

---------------  S U M M A R Y ------------

Command Line: -Dfile.encoding=Cp1252 -XX:+ShowCodeDetailsInExceptionMessages com.capg.jpa.p3.MainClass

Host: Intel(R) Core(TM) i3-7100U CPU @ 2.40GHz, 4 cores, 3G,  Windows 10 , 64 bit Build 19041 (10.0.19041.928)
Time: Fri May  7 13:19:50 2021 India Standard Time elapsed time: 3.802006 seconds (0d 0h 0m 3s)

---------------  T H R E A D  ---------------

Current thread (0x0000016246ba8630):  JavaThread "C2 CompilerThread0" daemon [_thread_in_native, id=34800, stack(0x0000005877a00000,0x0000005877b00000)]


Current CompileTask:
C2:   3802  827       4       java.util.regex.Pattern$BmpCharProperty::match (55 bytes)

Stack: [0x0000005877a00000,0x0000005877b00000]
Native frames: (J=compiled Java code, j=interpreted, Vv=VM code, C=native code)
V  [jvm.dll+0x62ae9a]
V  [jvm.dll+0x7817a9]
V  [jvm.dll+0x782f03]
V  [jvm.dll+0x783563]
V  [jvm.dll+0x216325]
V  [jvm.dll+0x982cf]
V  [jvm.dll+0x980ad]
V  [jvm.dll+0x609d14]
V  [jvm.dll+0x6552ca]
V  [jvm.dll+0x18e47d]
V  [jvm.dll+0x1ea822]
V  [jvm.dll+0x1e996e]
V  [jvm.dll+0x178567]
V  [jvm.dll+0x1f9225]
V  [jvm.dll+0x1f72cc]
V  [jvm.dll+0x74495d]
V  [jvm.dll+0x73d75a]
V  [jvm.dll+0x629c56]
C  [ucrtbase.dll+0x21bb2]
C  [KERNEL32.DLL+0x17034]
C  [ntdll.dll+0x52651]


---------------  P R O C E S S  ---------------

Threads class SMR info:
_java_thread_list=0x000001624763bf50, length=11, elements={
0x000001622f7a94e0, 0x0000016246b7f140, 0x0000016246b822a0, 0x0000016246b9ebc0,
0x0000016246b9f480, 0x0000016246b9fd40, 0x0000016246ba8630, 0x00000162474d0110,
0x0000016246bbdfb0, 0x00000162476228e0, 0x000001624762e6b0
}

Java Threads: ( => current thread )
  0x000001622f7a94e0 JavaThread "main" [_thread_in_vm, id=10268, stack(0x0000005876e00000,0x0000005876f00000)]
  0x0000016246b7f140 JavaThread "Reference Handler" daemon [_thread_blocked, id=27612, stack(0x0000005877500000,0x0000005877600000)]
  0x0000016246b822a0 JavaThread "Finalizer" daemon [_thread_blocked, id=33672, stack(0x0000005877600000,0x0000005877700000)]
  0x0000016246b9ebc0 JavaThread "Signal Dispatcher" daemon [_thread_blocked, id=984, stack(0x0000005877700000,0x0000005877800000)]
  0x0000016246b9f480 JavaThread "Attach Listener" daemon [_thread_blocked, id=8992, stack(0x0000005877800000,0x0000005877900000)]
  0x0000016246b9fd40 JavaThread "Service Thread" daemon [_thread_blocked, id=38928, stack(0x0000005877900000,0x0000005877a00000)]
=>0x0000016246ba8630 JavaThread "C2 CompilerThread0" daemon [_thread_in_native, id=34800, stack(0x0000005877a00000,0x0000005877b00000)]
  0x00000162474d0110 JavaThread "C1 CompilerThread0" daemon [_thread_blocked, id=27232, stack(0x0000005877b00000,0x0000005877c00000)]
  0x0000016246bbdfb0 JavaThread "Sweeper thread" daemon [_thread_blocked, id=41312, stack(0x0000005877c00000,0x0000005877d00000)]
  0x00000162476228e0 JavaThread "Notification Thread" daemon [_thread_blocked, id=19260, stack(0x0000005877d00000,0x0000005877e00000)]
  0x000001624762e6b0 JavaThread "Common-Cleaner" daemon [_thread_blocked, id=40700, stack(0x0000005877f00000,0x0000005878000000)]

Other Threads:
  0x0000016246b57950 VMThread "VM Thread" [stack: 0x0000005877400000,0x0000005877500000] [id=35020]
  0x0000016247625560 WatcherThread [stack: 0x0000005877e00000,0x0000005877f00000] [id=25540]
  0x000001622f7d8040 GCTaskThread "GC Thread#0" [stack: 0x0000005876f00000,0x0000005877000000] [id=41244]
  0x0000016247918150 GCTaskThread "GC Thread#1" [stack: 0x0000005878000000,0x0000005878100000] [id=15840]
  0x000001622f7e1b70 ConcurrentGCThread "G1 Main Marker" [stack: 0x0000005877000000,0x0000005877100000] [id=40056]
  0x000001622f7e2d10 ConcurrentGCThread "G1 Conc#0" [stack: 0x0000005877100000,0x0000005877200000] [id=39824]
  0x000001622f820490 ConcurrentGCThread "G1 Refine#0" [stack: 0x0000005877200000,0x0000005877300000] [id=34568]
  0x000001622f822d70 ConcurrentGCThread "G1 Young RemSet Sampling" [stack: 0x0000005877300000,0x0000005877400000] [id=32436]

Threads with active compile tasks:
C2 CompilerThread0     3887  827       4       java.util.regex.Pattern$BmpCharProperty::match (55 bytes)

VM state: not at safepoint (normal execution)

VM Mutex/Monitor currently owned by a thread: None

Heap address: 0x00000000c2000000, size: 992 MB, Compressed Oops mode: 32-bit
CDS disabled.
Compressed class space mapped at: 0x0000000100000000-0x0000000140000000, size: 1073741824
Narrow klass base: 0x0000000000000000, Narrow klass shift: 3, Narrow klass range: 0x140000000

GC Precious Log:
 CPUs: 4 total, 4 available
 Memory: 3964M
 Large Page Support: Disabled
 NUMA Support: Disabled
 Compressed Oops: Enabled (32-bit)
 Heap Region Size: 1M
 Heap Min Capacity: 8M
 Heap Initial Capacity: 62M
 Heap Max Capacity: 992M
 Pre-touch: Disabled
 Parallel Workers: 4
 Concurrent Workers: 1
 Concurrent Refinement Workers: 4
 Periodic GC: Disabled

Heap:
 garbage-first heap   total 63488K, used 11842K [0x00000000c2000000, 0x0000000100000000)
  region size 1024K, 12 young (12288K), 1 survivors (1024K)
 Metaspace       used 11516K, capacity 11726K, committed 11904K, reserved 1060864K
  class space    used 1087K, capacity 1112K, committed 1152K, reserved 1048576K

Heap Regions: E=young(eden), S=young(survivor), O=old, HS=humongous(starts), HC=humongous(continues), CS=collection set, F=free, OA=open archive, CA=closed archive, TAMS=top-at-mark-start (previous, next)
|   0|0x00000000c2000000, 0x00000000c2100000, 0x00000000c2100000|100%| O|  |TAMS 0x00000000c2000000, 0x00000000c2000000| Untracked 
|   1|0x00000000c2100000, 0x00000000c2200000, 0x00000000c2200000|100%| O|  |TAMS 0x00000000c2100000, 0x00000000c2100000| Untracked 
|   2|0x00000000c2200000, 0x00000000c2282800, 0x00000000c2300000| 50%| O|  |TAMS 0x00000000c2200000, 0x00000000c2200000| Untracked 
|   3|0x00000000c2300000, 0x00000000c2300000, 0x00000000c2400000|  0%| F|  |TAMS 0x00000000c2300000, 0x00000000c2300000| Untracked 
|   4|0x00000000c2400000, 0x00000000c2400000, 0x00000000c2500000|  0%| F|  |TAMS 0x00000000c2400000, 0x00000000c2400000| Untracked 
|   5|0x00000000c2500000, 0x00000000c2500000, 0x00000000c2600000|  0%| F|  |TAMS 0x00000000c2500000, 0x00000000c2500000| Untracked 
|   6|0x00000000c2600000, 0x00000000c2600000, 0x00000000c2700000|  0%| F|  |TAMS 0x00000000c2600000, 0x00000000c2600000| Untracked 
|   7|0x00000000c2700000, 0x00000000c2700000, 0x00000000c2800000|  0%| F|  |TAMS 0x00000000c2700000, 0x00000000c2700000| Untracked 
|   8|0x00000000c2800000, 0x00000000c2800000, 0x00000000c2900000|  0%| F|  |TAMS 0x00000000c2800000, 0x00000000c2800000| Untracked 
|   9|0x00000000c2900000, 0x00000000c2900000, 0x00000000c2a00000|  0%| F|  |TAMS 0x00000000c2900000, 0x00000000c2900000| Untracked 
|  10|0x00000000c2a00000, 0x00000000c2a00000, 0x00000000c2b00000|  0%| F|  |TAMS 0x00000000c2a00000, 0x00000000c2a00000| Untracked 
|  11|0x00000000c2b00000, 0x00000000c2b00000, 0x00000000c2c00000|  0%| F|  |TAMS 0x00000000c2b00000, 0x00000000c2b00000| Untracked 
|  12|0x00000000c2c00000, 0x00000000c2c00000, 0x00000000c2d00000|  0%| F|  |TAMS 0x00000000c2c00000, 0x00000000c2c00000| Untracked 
|  13|0x00000000c2d00000, 0x00000000c2d00000, 0x00000000c2e00000|  0%| F|  |TAMS 0x00000000c2d00000, 0x00000000c2d00000| Untracked 
|  14|0x00000000c2e00000, 0x00000000c2e00000, 0x00000000c2f00000|  0%| F|  |TAMS 0x00000000c2e00000, 0x00000000c2e00000| Untracked 
|  15|0x00000000c2f00000, 0x00000000c2f00000, 0x00000000c3000000|  0%| F|  |TAMS 0x00000000c2f00000, 0x00000000c2f00000| Untracked 
|  16|0x00000000c3000000, 0x00000000c3000000, 0x00000000c3100000|  0%| F|  |TAMS 0x00000000c3000000, 0x00000000c3000000| Untracked 
|  17|0x00000000c3100000, 0x00000000c3100000, 0x00000000c3200000|  0%| F|  |TAMS 0x00000000c3100000, 0x00000000c3100000| Untracked 
|  18|0x00000000c3200000, 0x00000000c3200000, 0x00000000c3300000|  0%| F|  |TAMS 0x00000000c3200000, 0x00000000c3200000| Untracked 
|  19|0x00000000c3300000, 0x00000000c3300000, 0x00000000c3400000|  0%| F|  |TAMS 0x00000000c3300000, 0x00000000c3300000| Untracked 
|  20|0x00000000c3400000, 0x00000000c3400000, 0x00000000c3500000|  0%| F|  |TAMS 0x00000000c3400000, 0x00000000c3400000| Untracked 
|  21|0x00000000c3500000, 0x00000000c3500000, 0x00000000c3600000|  0%| F|  |TAMS 0x00000000c3500000, 0x00000000c3500000| Untracked 
|  22|0x00000000c3600000, 0x00000000c3600000, 0x00000000c3700000|  0%| F|  |TAMS 0x00000000c3600000, 0x00000000c3600000| Untracked 
|  23|0x00000000c3700000, 0x00000000c3700000, 0x00000000c3800000|  0%| F|  |TAMS 0x00000000c3700000, 0x00000000c3700000| Untracked 
|  24|0x00000000c3800000, 0x00000000c3800000, 0x00000000c3900000|  0%| F|  |TAMS 0x00000000c3800000, 0x00000000c3800000| Untracked 
|  25|0x00000000c3900000, 0x00000000c3900000, 0x00000000c3a00000|  0%| F|  |TAMS 0x00000000c3900000, 0x00000000c3900000| Untracked 
|  26|0x00000000c3a00000, 0x00000000c3a00000, 0x00000000c3b00000|  0%| F|  |TAMS 0x00000000c3a00000, 0x00000000c3a00000| Untracked 
|  27|0x00000000c3b00000, 0x00000000c3b00000, 0x00000000c3c00000|  0%| F|  |TAMS 0x00000000c3b00000, 0x00000000c3b00000| Untracked 
|  28|0x00000000c3c00000, 0x00000000c3c00000, 0x00000000c3d00000|  0%| F|  |TAMS 0x00000000c3c00000, 0x00000000c3c00000| Untracked 
|  29|0x00000000c3d00000, 0x00000000c3d00000, 0x00000000c3e00000|  0%| F|  |TAMS 0x00000000c3d00000, 0x00000000c3d00000| Untracked 
|  30|0x00000000c3e00000, 0x00000000c3e00000, 0x00000000c3f00000|  0%| F|  |TAMS 0x00000000c3e00000, 0x00000000c3e00000| Untracked 
|  31|0x00000000c3f00000, 0x00000000c3f00000, 0x00000000c4000000|  0%| F|  |TAMS 0x00000000c3f00000, 0x00000000c3f00000| Untracked 
|  32|0x00000000c4000000, 0x00000000c4000000, 0x00000000c4100000|  0%| F|  |TAMS 0x00000000c4000000, 0x00000000c4000000| Untracked 
|  33|0x00000000c4100000, 0x00000000c4100000, 0x00000000c4200000|  0%| F|  |TAMS 0x00000000c4100000, 0x00000000c4100000| Untracked 
|  34|0x00000000c4200000, 0x00000000c4200000, 0x00000000c4300000|  0%| F|  |TAMS 0x00000000c4200000, 0x00000000c4200000| Untracked 
|  35|0x00000000c4300000, 0x00000000c4300000, 0x00000000c4400000|  0%| F|  |TAMS 0x00000000c4300000, 0x00000000c4300000| Untracked 
|  36|0x00000000c4400000, 0x00000000c4400000, 0x00000000c4500000|  0%| F|  |TAMS 0x00000000c4400000, 0x00000000c4400000| Untracked 
|  37|0x00000000c4500000, 0x00000000c4500000, 0x00000000c4600000|  0%| F|  |TAMS 0x00000000c4500000, 0x00000000c4500000| Untracked 
|  38|0x00000000c4600000, 0x00000000c4600000, 0x00000000c4700000|  0%| F|  |TAMS 0x00000000c4600000, 0x00000000c4600000| Untracked 
|  39|0x00000000c4700000, 0x00000000c4700000, 0x00000000c4800000|  0%| F|  |TAMS 0x00000000c4700000, 0x00000000c4700000| Untracked 
|  40|0x00000000c4800000, 0x00000000c4800000, 0x00000000c4900000|  0%| F|  |TAMS 0x00000000c4800000, 0x00000000c4800000| Untracked 
|  41|0x00000000c4900000, 0x00000000c4900000, 0x00000000c4a00000|  0%| F|  |TAMS 0x00000000c4900000, 0x00000000c4900000| Untracked 
|  42|0x00000000c4a00000, 0x00000000c4a00000, 0x00000000c4b00000|  0%| F|  |TAMS 0x00000000c4a00000, 0x00000000c4a00000| Untracked 
|  43|0x00000000c4b00000, 0x00000000c4b0e228, 0x00000000c4c00000|  5%| S|CS|TAMS 0x00000000c4b00000, 0x00000000c4b00000| Complete 
|  44|0x00000000c4c00000, 0x00000000c4c00000, 0x00000000c4d00000|  0%| F|  |TAMS 0x00000000c4c00000, 0x00000000c4c00000| Untracked 
|  45|0x00000000c4d00000, 0x00000000c4d00000, 0x00000000c4e00000|  0%| F|  |TAMS 0x00000000c4d00000, 0x00000000c4d00000| Untracked 
|  46|0x00000000c4e00000, 0x00000000c4e00000, 0x00000000c4f00000|  0%| F|  |TAMS 0x00000000c4e00000, 0x00000000c4e00000| Untracked 
|  47|0x00000000c4f00000, 0x00000000c4f00000, 0x00000000c5000000|  0%| F|  |TAMS 0x00000000c4f00000, 0x00000000c4f00000| Untracked 
|  48|0x00000000c5000000, 0x00000000c5000000, 0x00000000c5100000|  0%| F|  |TAMS 0x00000000c5000000, 0x00000000c5000000| Untracked 
|  49|0x00000000c5100000, 0x00000000c5100000, 0x00000000c5200000|  0%| F|  |TAMS 0x00000000c5100000, 0x00000000c5100000| Untracked 
|  50|0x00000000c5200000, 0x00000000c5200000, 0x00000000c5300000|  0%| F|  |TAMS 0x00000000c5200000, 0x00000000c5200000| Untracked 
|  51|0x00000000c5300000, 0x00000000c5380c10, 0x00000000c5400000| 50%| E|  |TAMS 0x00000000c5300000, 0x00000000c5300000| Complete 
|  52|0x00000000c5400000, 0x00000000c5500000, 0x00000000c5500000|100%| E|CS|TAMS 0x00000000c5400000, 0x00000000c5400000| Complete 
|  53|0x00000000c5500000, 0x00000000c5600000, 0x00000000c5600000|100%| E|CS|TAMS 0x00000000c5500000, 0x00000000c5500000| Complete 
|  54|0x00000000c5600000, 0x00000000c5700000, 0x00000000c5700000|100%| E|CS|TAMS 0x00000000c5600000, 0x00000000c5600000| Complete 
|  55|0x00000000c5700000, 0x00000000c5800000, 0x00000000c5800000|100%| E|CS|TAMS 0x00000000c5700000, 0x00000000c5700000| Complete 
|  56|0x00000000c5800000, 0x00000000c5900000, 0x00000000c5900000|100%| E|CS|TAMS 0x00000000c5800000, 0x00000000c5800000| Complete 
|  57|0x00000000c5900000, 0x00000000c5a00000, 0x00000000c5a00000|100%| E|CS|TAMS 0x00000000c5900000, 0x00000000c5900000| Complete 
|  58|0x00000000c5a00000, 0x00000000c5b00000, 0x00000000c5b00000|100%| E|CS|TAMS 0x00000000c5a00000, 0x00000000c5a00000| Complete 
|  59|0x00000000c5b00000, 0x00000000c5c00000, 0x00000000c5c00000|100%| E|CS|TAMS 0x00000000c5b00000, 0x00000000c5b00000| Complete 
|  60|0x00000000c5c00000, 0x00000000c5d00000, 0x00000000c5d00000|100%| E|CS|TAMS 0x00000000c5c00000, 0x00000000c5c00000| Complete 
|  61|0x00000000c5d00000, 0x00000000c5e00000, 0x00000000c5e00000|100%| E|  |TAMS 0x00000000c5d00000, 0x00000000c5d00000| Complete 

Card table byte_map: [0x00000162423b0000,0x00000162425a0000] _byte_map_base: 0x0000016241da0000

Marking Bits (Prev, Next): (CMBitMap*) 0x000001622f7d9510, (CMBitMap*) 0x000001622f7d9550
 Prev Bits: [0x0000016242790000, 0x0000016243710000)
 Next Bits: [0x0000016243710000, 0x0000016244690000)

Polling page: 0x000001622d670000

Metaspace:

Usage:
  Non-class:     10.37 MB capacity,    10.22 MB ( 99%) used,   137.14 KB (  1%) free+waste,    11.62 KB ( <1%) overhead. 
      Class:      1.12 MB capacity,     1.07 MB ( 96%) used,    47.20 KB (  4%) free+waste,     4.25 KB ( <1%) overhead. 
       Both:     11.48 MB capacity,    11.29 MB ( 98%) used,   184.34 KB (  2%) free+waste,    15.88 KB ( <1%) overhead. 

Virtual space:
  Non-class space:       12.00 MB reserved,      10.50 MB ( 88%) committed 
      Class space:        1.00 GB reserved,       1.12 MB ( <1%) committed 
             Both:        1.01 GB reserved,      11.62 MB (  1%) committed 

Chunk freelists:
   Non-Class:  10.00 KB
       Class:  8.00 KB
        Both:  18.00 KB

MaxMetaspaceSize: 17179869184.00 GB
CompressedClassSpaceSize: 1.00 GB

CodeHeap 'non-profiled nmethods': size=120000Kb used=275Kb max_used=275Kb free=119724Kb
 bounds [0x000001623ac90000, 0x000001623af00000, 0x00000162421c0000]
CodeHeap 'profiled nmethods': size=120000Kb used=1396Kb max_used=1396Kb free=118603Kb
 bounds [0x0000016233760000, 0x00000162339d0000, 0x000001623ac90000]
CodeHeap 'non-nmethods': size=5760Kb used=1141Kb max_used=1152Kb free=4618Kb
 bounds [0x00000162331c0000, 0x0000016233430000, 0x0000016233760000]
 total_blobs=1236 nmethods=843 adapters=306
 compilation: enabled
              stopped_count=0, restarted_count=0
 full_count=0

Compilation events (20 events):
Event: 2.587 Thread 0x00000162474d0110  834       1       java.util.concurrent.ConcurrentHashMap$MapEntry::getKey (5 bytes)
Event: 2.588 Thread 0x00000162474d0110 nmethod 834 0x000001623acd4690 code [0x000001623acd4820, 0x000001623acd48d8]
Event: 2.589 Thread 0x00000162474d0110  835  s    3       java.util.jar.JarFile::getInputStream (72 bytes)
Event: 2.589 Thread 0x00000162474d0110 nmethod 835 0x00000162338b8090 code [0x00000162338b82a0, 0x00000162338b87b8]
Event: 2.593 Thread 0x00000162474d0110  836       3       jdk.internal.loader.URLClassPath$JarLoader$2::getCodeSourceURL (8 bytes)
Event: 2.593 Thread 0x00000162474d0110 nmethod 836 0x00000162338b8990 code [0x00000162338b8b20, 0x00000162338b8c38]
Event: 2.593 Thread 0x00000162474d0110  837       3       jdk.internal.loader.URLClassPath$JarLoader$2::getManifest (26 bytes)
Event: 2.594 Thread 0x00000162474d0110 nmethod 837 0x00000162338b8d10 code [0x00000162338b8f40, 0x00000162338b9528]
Event: 2.594 Thread 0x00000162474d0110  838       3       java.util.jar.JavaUtilJarAccessImpl::ensureInitialization (5 bytes)
Event: 2.595 Thread 0x00000162474d0110 nmethod 838 0x00000162338b9890 code [0x00000162338b9a40, 0x00000162338b9b88]
Event: 2.595 Thread 0x00000162474d0110  839       3       jdk.internal.loader.URLClassPath$JarLoader$2::getCodeSigners (8 bytes)
Event: 2.595 Thread 0x00000162474d0110 nmethod 839 0x00000162338b9c90 code [0x00000162338b9e40, 0x00000162338ba008]
Event: 2.595 Thread 0x00000162474d0110  840   !   3       java.util.jar.JarFile$JarFileEntry::getCodeSigners (81 bytes)
Event: 2.596 Thread 0x00000162474d0110 nmethod 840 0x00000162338ba110 code [0x00000162338ba320, 0x00000162338ba8c8]
Event: 2.596 Thread 0x00000162474d0110  841       3       java.security.SecureClassLoader$CodeSourceKey::equals (56 bytes)
Event: 2.596 Thread 0x00000162474d0110 nmethod 841 0x00000162338bab10 code [0x00000162338bad00, 0x00000162338bb318]
Event: 2.596 Thread 0x00000162474d0110  842       3       java.security.CodeSource::matchCerts (254 bytes)
Event: 2.598 Thread 0x00000162474d0110 nmethod 842 0x00000162338bb510 code [0x00000162338bb740, 0x00000162338bc278]
Event: 2.600 Thread 0x00000162474d0110  843       3       java.util.Properties::getProperty (50 bytes)
Event: 2.601 Thread 0x00000162474d0110 nmethod 843 0x00000162338bc690 code [0x00000162338bc860, 0x00000162338bccb8]

GC Heap History (4 events):
Event: 1.343 GC heap before
{Heap before GC invocations=0 (full 0):
 garbage-first heap   total 63488K, used 12288K [0x00000000c2000000, 0x0000000100000000)
  region size 1024K, 13 young (13312K), 0 survivors (0K)
 Metaspace       used 7396K, capacity 7481K, committed 7680K, reserved 1056768K
  class space    used 625K, capacity 655K, committed 768K, reserved 1048576K
}
Event: 1.349 GC heap after
{Heap after GC invocations=1 (full 0):
 garbage-first heap   total 63488K, used 2282K [0x00000000c2000000, 0x0000000100000000)
  region size 1024K, 2 young (2048K), 2 survivors (2048K)
 Metaspace       used 7396K, capacity 7481K, committed 7680K, reserved 1056768K
  class space    used 625K, capacity 655K, committed 768K, reserved 1048576K
}
Event: 1.364 GC heap before
{Heap before GC invocations=1 (full 0):
 garbage-first heap   total 63488K, used 17642K [0x00000000c2000000, 0x0000000100000000)
  region size 1024K, 18 young (18432K), 2 survivors (2048K)
 Metaspace       used 7397K, capacity 7481K, committed 7680K, reserved 1056768K
  class space    used 625K, capacity 655K, committed 768K, reserved 1048576K
}
Event: 1.368 GC heap after
{Heap after GC invocations=2 (full 0):
 garbage-first heap   total 63488K, used 2626K [0x00000000c2000000, 0x0000000100000000)
  region size 1024K, 1 young (1024K), 1 survivors (1024K)
 Metaspace       used 7397K, capacity 7481K, committed 7680K, reserved 1056768K
  class space    used 625K, capacity 655K, committed 768K, reserved 1048576K
}

Deoptimization events (20 events):
Event: 1.268 Thread 0x000001622f7a94e0 DEOPT PACKING pc=0x000001623379c3e6 sp=0x0000005876efde00
Event: 1.268 Thread 0x000001622f7a94e0 DEOPT UNPACKING pc=0x000001623320e23f sp=0x0000005876efd2a0 mode 0
Event: 1.269 Thread 0x000001622f7a94e0 DEOPT PACKING pc=0x000001623379bb46 sp=0x0000005876efdd90
Event: 1.269 Thread 0x000001622f7a94e0 DEOPT UNPACKING pc=0x000001623320e23f sp=0x0000005876efd2b0 mode 0
Event: 1.269 Thread 0x000001622f7a94e0 DEOPT PACKING pc=0x000001623379c3e6 sp=0x0000005876efde00
Event: 1.269 Thread 0x000001622f7a94e0 DEOPT UNPACKING pc=0x000001623320e23f sp=0x0000005876efd2a0 mode 0
Event: 1.269 Thread 0x000001622f7a94e0 DEOPT PACKING pc=0x000001623379bb46 sp=0x0000005876efdd90
Event: 1.269 Thread 0x000001622f7a94e0 DEOPT UNPACKING pc=0x000001623320e23f sp=0x0000005876efd2b0 mode 0
Event: 1.271 Thread 0x000001622f7a94e0 DEOPT PACKING pc=0x000001623379c3e6 sp=0x0000005876efde00
Event: 1.271 Thread 0x000001622f7a94e0 DEOPT UNPACKING pc=0x000001623320e23f sp=0x0000005876efd2a0 mode 0
Event: 1.273 Thread 0x000001622f7a94e0 DEOPT PACKING pc=0x000001623379c3e6 sp=0x0000005876efde00
Event: 1.274 Thread 0x000001622f7a94e0 DEOPT UNPACKING pc=0x000001623320e23f sp=0x0000005876efd2a0 mode 0
Event: 1.356 Thread 0x000001622f7a94e0 DEOPT PACKING pc=0x00000162337a21c2 sp=0x0000005876efe450
Event: 1.356 Thread 0x000001622f7a94e0 DEOPT UNPACKING pc=0x000001623320e23f sp=0x0000005876efd8e0 mode 0
Event: 1.363 Thread 0x000001622f7a94e0 DEOPT PACKING pc=0x00000162337a21c2 sp=0x0000005876efe450
Event: 1.363 Thread 0x000001622f7a94e0 DEOPT UNPACKING pc=0x000001623320e23f sp=0x0000005876efd8e0 mode 0
Event: 1.675 Thread 0x000001622f7a94e0 DEOPT PACKING pc=0x00000162337a41d0 sp=0x0000005876efae80
Event: 1.675 Thread 0x000001622f7a94e0 DEOPT UNPACKING pc=0x000001623320e23f sp=0x0000005876efa320 mode 0
Event: 1.901 Thread 0x000001622f7a94e0 DEOPT PACKING pc=0x00000162337b835f sp=0x0000005876efe170
Event: 1.901 Thread 0x000001622f7a94e0 DEOPT UNPACKING pc=0x000001623320e23f sp=0x0000005876efd5c0 mode 0

Classes unloaded (0 events):
No events

Classes redefined (0 events):
No events

Internal exceptions (5 events):
Event: 1.505 Thread 0x000001622f7a94e0 Exception <a 'java/lang/NoSuchMethodError'{0x00000000c5acd5a8}: 'void java.lang.invoke.DirectMethodHandle$Holder.invokeSpecial(java.lang.Object, java.lang.Object, java.lang.Object)'> (0x00000000c5acd5a8) 
thrown [./open/src/hotspot/share/interpreter/linkResolver.cpp, line 782]
Event: 1.611 Thread 0x000001622f7a94e0 Exception <a 'java/lang/NoSuchMethodError'{0x00000000c59385d8}: 'java.lang.Object java.lang.invoke.DirectMethodHandle$Holder.invokeStatic(java.lang.Object, java.lang.Object, int)'> (0x00000000c59385d8) 
thrown [./open/src/hotspot/share/interpreter/linkResolver.cpp, line 782]
Event: 1.618 Thread 0x000001622f7a94e0 Exception <a 'java/lang/NoSuchMethodError'{0x00000000c59447f0}: 'void java.lang.invoke.DelegatingMethodHandle$Holder.delegate(java.lang.Object, java.lang.Object, int, java.lang.Object)'> (0x00000000c59447f0) 
thrown [./open/src/hotspot/share/interpreter/linkResolver.cpp, line 782]
Event: 1.623 Thread 0x000001622f7a94e0 Exception <a 'java/lang/NoSuchMethodError'{0x00000000c5948b38}: 'int java.lang.invoke.DirectMethodHandle$Holder.invokeSpecial(java.lang.Object, java.lang.Object, java.lang.Object)'> (0x00000000c5948b38) 
thrown [./open/src/hotspot/share/interpreter/linkResolver.cpp, line 782]
Event: 2.294 Thread 0x000001622f7a94e0 Exception <a 'java/lang/NoSuchMethodError'{0x00000000c5508cf0}: 'java.lang.Object java.lang.invoke.DirectMethodHandle$Holder.invokeStatic(java.lang.Object)'> (0x00000000c5508cf0) 
thrown [./open/src/hotspot/share/interpreter/linkResolver.cpp, line 782]

Events (20 events):
Event: 2.565 loading class java/util/Formatter$DateTime done
Event: 2.566 loading class java/util/Date
Event: 2.570 loading class java/util/Date done
Event: 2.570 loading class java/util/Calendar
Event: 2.571 loading class java/util/Calendar done
Event: 2.572 loading class java/time/ZonedDateTime$1
Event: 2.572 loading class java/time/ZonedDateTime$1 done
Event: 2.572 loading class java/time/LocalDate$1
Event: 2.572 loading class java/time/LocalDate$1 done
Event: 2.572 loading class java/text/DateFormatSymbols
Event: 2.573 loading class java/text/DateFormatSymbols done
Event: 2.573 loading class java/text/spi/DateFormatSymbolsProvider
Event: 2.573 loading class java/text/spi/DateFormatSymbolsProvider done
Event: 2.574 loading class sun/util/locale/provider/DateFormatSymbolsProviderImpl
Event: 2.574 loading class sun/util/locale/provider/DateFormatSymbolsProviderImpl done
Event: 2.575 loading class java/time/LocalTime$1
Event: 2.575 loading class java/time/LocalTime$1 done
Event: 2.577 loading class java/net/MalformedURLException
Event: 2.580 loading class java/net/MalformedURLException done
Event: 2.603 loading class sun/util/calendar/CalendarSystem


Dynamic libraries:
0x00007ff659530000 - 0x00007ff65953d000 	C:\Users\Sreeja Mukku\Desktop\sts-4.10.0.RELEASE\plugins\org.eclipse.justj.openjdk.hotspot.jre.full.win32.x86_64_15.0.2.v20210201-0955\jre\bin\javaw.exe
0x00007ffe0ff10000 - 0x00007ffe10105000 	C:\WINDOWS\SYSTEM32\ntdll.dll
0x00007ffe0eae0000 - 0x00007ffe0eb9d000 	C:\WINDOWS\System32\KERNEL32.DLL
0x00007ffe0d750000 - 0x00007ffe0da18000 	C:\WINDOWS\System32\KERNELBASE.dll
0x00007ffe0da20000 - 0x00007ffe0db20000 	C:\WINDOWS\System32\ucrtbase.dll
0x00007ffde6b10000 - 0x00007ffde6b28000 	C:\Users\Sreeja Mukku\Desktop\sts-4.10.0.RELEASE\plugins\org.eclipse.justj.openjdk.hotspot.jre.full.win32.x86_64_15.0.2.v20210201-0955\jre\bin\jli.dll
0x00007ffde49d0000 - 0x00007ffde49e9000 	C:\Users\Sreeja Mukku\Desktop\sts-4.10.0.RELEASE\plugins\org.eclipse.justj.openjdk.hotspot.jre.full.win32.x86_64_15.0.2.v20210201-0955\jre\bin\VCRUNTIME140.dll
0x00007ffe0fc10000 - 0x00007ffe0fdb0000 	C:\WINDOWS\System32\USER32.dll
0x00007ffe0dc80000 - 0x00007ffe0dca2000 	C:\WINDOWS\System32\win32u.dll
0x00007ffe0dfd0000 - 0x00007ffe0dffa000 	C:\WINDOWS\System32\GDI32.dll
0x00007ffe0dd80000 - 0x00007ffe0de8b000 	C:\WINDOWS\System32\gdi32full.dll
0x00007ffe0dce0000 - 0x00007ffe0dd7d000 	C:\WINDOWS\System32\msvcp_win.dll
0x00007ffdfc1e0000 - 0x00007ffdfc47a000 	C:\WINDOWS\WinSxS\amd64_microsoft.windows.common-controls_6595b64144ccf1df_6.0.19041.844_none_ca00b6081b84eb1d\COMCTL32.dll
0x00007ffe0ea40000 - 0x00007ffe0eade000 	C:\WINDOWS\System32\msvcrt.dll
0x00007ffe0edc0000 - 0x00007ffe0edf0000 	C:\WINDOWS\System32\IMM32.DLL
0x00007ffdf8fb0000 - 0x00007ffdf8fbc000 	C:\Users\Sreeja Mukku\Desktop\sts-4.10.0.RELEASE\plugins\org.eclipse.justj.openjdk.hotspot.jre.full.win32.x86_64_15.0.2.v20210201-0955\jre\bin\vcruntime140_1.dll
0x00007ffdd8130000 - 0x00007ffdd81c1000 	C:\Users\Sreeja Mukku\Desktop\sts-4.10.0.RELEASE\plugins\org.eclipse.justj.openjdk.hotspot.jre.full.win32.x86_64_15.0.2.v20210201-0955\jre\bin\msvcp140.dll
0x00007ffdc9f00000 - 0x00007ffdcaa5e000 	C:\Users\Sreeja Mukku\Desktop\sts-4.10.0.RELEASE\plugins\org.eclipse.justj.openjdk.hotspot.jre.full.win32.x86_64_15.0.2.v20210201-0955\jre\bin\server\jvm.dll
0x00007ffe0fdb0000 - 0x00007ffe0fe5c000 	C:\WINDOWS\System32\ADVAPI32.dll
0x00007ffe0e410000 - 0x00007ffe0e4ab000 	C:\WINDOWS\System32\sechost.dll
0x00007ffe0eba0000 - 0x00007ffe0eccb000 	C:\WINDOWS\System32\RPCRT4.dll
0x00007ffe0ea20000 - 0x00007ffe0ea28000 	C:\WINDOWS\System32\PSAPI.DLL
0x00007ffe04220000 - 0x00007ffe04247000 	C:\WINDOWS\SYSTEM32\WINMM.dll
0x00007ffdf8240000 - 0x00007ffdf8249000 	C:\WINDOWS\SYSTEM32\WSOCK32.dll
0x00007ffe0fe60000 - 0x00007ffe0fecb000 	C:\WINDOWS\System32\WS2_32.dll
0x00007ffe07010000 - 0x00007ffe0701a000 	C:\WINDOWS\SYSTEM32\VERSION.dll
0x00007ffe0bf20000 - 0x00007ffe0bf32000 	C:\WINDOWS\SYSTEM32\kernel.appcore.dll
0x00007ffe04120000 - 0x00007ffe0412a000 	C:\Users\Sreeja Mukku\Desktop\sts-4.10.0.RELEASE\plugins\org.eclipse.justj.openjdk.hotspot.jre.full.win32.x86_64_15.0.2.v20210201-0955\jre\bin\jimage.dll
0x00007ffe0b480000 - 0x00007ffe0b664000 	C:\WINDOWS\SYSTEM32\DBGHELP.DLL
0x00007ffe076f0000 - 0x00007ffe0771c000 	C:\WINDOWS\SYSTEM32\dbgcore.DLL
0x00007ffe0def0000 - 0x00007ffe0df70000 	C:\WINDOWS\System32\bcryptPrimitives.dll
0x00007ffdec5e0000 - 0x00007ffdec605000 	C:\Users\Sreeja Mukku\Desktop\sts-4.10.0.RELEASE\plugins\org.eclipse.justj.openjdk.hotspot.jre.full.win32.x86_64_15.0.2.v20210201-0955\jre\bin\java.dll
0x00007ffe02ef0000 - 0x00007ffe02f08000 	C:\Users\Sreeja Mukku\Desktop\sts-4.10.0.RELEASE\plugins\org.eclipse.justj.openjdk.hotspot.jre.full.win32.x86_64_15.0.2.v20210201-0955\jre\bin\zip.dll
0x00007ffe0ee20000 - 0x00007ffe0f562000 	C:\WINDOWS\System32\SHELL32.dll
0x00007ffe0b670000 - 0x00007ffe0be01000 	C:\WINDOWS\SYSTEM32\windows.storage.dll
0x00007ffe0e660000 - 0x00007ffe0e9b5000 	C:\WINDOWS\System32\combase.dll
0x00007ffe0d0c0000 - 0x00007ffe0d0ec000 	C:\WINDOWS\SYSTEM32\Wldp.dll
0x00007ffe0fa90000 - 0x00007ffe0fb3e000 	C:\WINDOWS\System32\SHCORE.dll
0x00007ffe0e9c0000 - 0x00007ffe0ea15000 	C:\WINDOWS\System32\shlwapi.dll
0x00007ffe0d590000 - 0x00007ffe0d5af000 	C:\WINDOWS\SYSTEM32\profapi.dll
0x00007ffdf80b0000 - 0x00007ffdf80c9000 	C:\Users\Sreeja Mukku\Desktop\sts-4.10.0.RELEASE\plugins\org.eclipse.justj.openjdk.hotspot.jre.full.win32.x86_64_15.0.2.v20210201-0955\jre\bin\net.dll
0x00007ffe04340000 - 0x00007ffe0444b000 	C:\WINDOWS\SYSTEM32\WINHTTP.dll
0x00007ffe0ce30000 - 0x00007ffe0ce9a000 	C:\WINDOWS\system32\mswsock.dll
0x00007ffdec8a0000 - 0x00007ffdec8b2000 	C:\Users\Sreeja Mukku\Desktop\sts-4.10.0.RELEASE\plugins\org.eclipse.justj.openjdk.hotspot.jre.full.win32.x86_64_15.0.2.v20210201-0955\jre\bin\nio.dll

dbghelp: loaded successfully - version: 4.0.5 - missing functions: none
symbol engine: initialized successfully - sym options: 0x614 - pdb path: .;C:\Users\Sreeja Mukku\Desktop\sts-4.10.0.RELEASE\plugins\org.eclipse.justj.openjdk.hotspot.jre.full.win32.x86_64_15.0.2.v20210201-0955\jre\bin;C:\WINDOWS\SYSTEM32;C:\WINDOWS\WinSxS\amd64_microsoft.windows.common-controls_6595b64144ccf1df_6.0.19041.844_none_ca00b6081b84eb1d;C:\Users\Sreeja Mukku\Desktop\sts-4.10.0.RELEASE\plugins\org.eclipse.justj.openjdk.hotspot.jre.full.win32.x86_64_15.0.2.v20210201-0955\jre\bin\server

VM Arguments:
jvm_args: -Dfile.encoding=Cp1252 -XX:+ShowCodeDetailsInExceptionMessages 
java_command: com.capg.jpa.p3.MainClass
java_class_path (initial): C:\Users\Sreeja Mukku\Desktop\javafile\jpa\target\classes;C:\Users\Sreeja Mukku\.m2\repository\com\sun\xml\bind\jaxb-impl\2.3.0.1\jaxb-impl-2.3.0.1.jar;C:\Users\Sreeja Mukku\.m2\repository\javax\xml\bind\jaxb-api\2.3.0\jaxb-api-2.3.0.jar;C:\Users\Sreeja Mukku\.m2\repository\javax\activation\activation\1.1.1\activation-1.1.1.jar;C:\Users\Sreeja Mukku\.m2\repository\com\sun\xml\bind\jaxb-core\2.3.0.1\jaxb-core-2.3.0.1.jar;C:\Users\Sreeja Mukku\.m2\repository\oracle\ojdbc6\11.2.0.3\ojdbc6-11.2.0.3.jar;C:\Users\Sreeja Mukku\.m2\repository\org\apache\maven\plugins\maven-compiler-plugin\3.7.0\maven-compiler-plugin-3.7.0.jar;C:\Users\Sreeja Mukku\.m2\repository\org\apache\maven\maven-plugin-api\3.0\maven-plugin-api-3.0.jar;C:\Users\Sreeja Mukku\.m2\repository\org\apache\maven\maven-model\3.0\maven-model-3.0.jar;C:\Users\Sreeja Mukku\.m2\repository\org\sonatype\sisu\sisu-inject-plexus\1.4.2\sisu-inject-plexus-1.4.2.jar;C:\Users\Sreeja Mukku\.m2\repository\org\sonatype\sisu\sisu-inject-bean\1.4.2\sisu-inject-bean-1.4.2.jar;C:\Users\Sreeja Mukku\.m2\repository\org\sonatype\sisu\sisu-guice\2.1.7\sisu-guice-2.1.7-noaop.jar;C:\Users\Sreeja Mukku\.m2\repository\org\apache\maven\maven-artifact\3.0\maven-artifact-3.0.jar;C:\Users\Sreeja Mukku\.m2\repository\org\codehaus\plexus\plexus-utils\2.0.4\plexus-utils-2.0.4.jar;C:\Users\Sreeja Mukku\.m2\repository\org\apache\maven\maven-core\3.0\maven-core-3.0.jar;C:\Users\Sreeja Mukku\.m2\repository\org\apache\maven\maven-settings\3.0\maven-settings-3.0.jar;C:\Users\Sreeja Mukku\.m2\repository\org\apache\maven\maven-settings-builder\3.0\maven-settings-builder-3.0.jar;C:\Users\Sreeja Mukku\.m2\repository\org\apache\maven\maven-repository-metadata\3.0\maven-repository-metadata-3.0.jar;C:\Users\Sreeja Mukku\.m2\repository\org\apache\maven\maven-model-builder\3.0\maven-model-builder-3.0.jar;C:\Users\Sreeja Mukku\.m2\repository\org\apache\maven\maven-aether-provider\3.0\maven-aether-provider-3.0.jar;C:\Users\Sreeja M
Launcher Type: SUN_STANDARD

[Global flags]
     intx CICompilerCount                          = 3                                         {product} {ergonomic}
     uint ConcGCThreads                            = 1                                         {product} {ergonomic}
     uint G1ConcRefinementThreads                  = 4                                         {product} {ergonomic}
   size_t G1HeapRegionSize                         = 1048576                                   {product} {ergonomic}
    uintx GCDrainStackTargetSize                   = 64                                        {product} {ergonomic}
   size_t InitialHeapSize                          = 65011712                                  {product} {ergonomic}
   size_t MarkStackSize                            = 4194304                                   {product} {ergonomic}
   size_t MaxHeapSize                              = 1040187392                                {product} {ergonomic}
   size_t MaxNewSize                               = 623902720                                 {product} {ergonomic}
   size_t MinHeapDeltaBytes                        = 1048576                                   {product} {ergonomic}
   size_t MinHeapSize                              = 8388608                                   {product} {ergonomic}
    uintx NonNMethodCodeHeapSize                   = 5832780                                {pd product} {ergonomic}
    uintx NonProfiledCodeHeapSize                  = 122912730                              {pd product} {ergonomic}
    uintx ProfiledCodeHeapSize                     = 122912730                              {pd product} {ergonomic}
    uintx ReservedCodeCacheSize                    = 251658240                              {pd product} {ergonomic}
     bool SegmentedCodeCache                       = true                                      {product} {ergonomic}
     bool ShowCodeDetailsInExceptionMessages       = true                                   {manageable} {command line}
   size_t SoftMaxHeapSize                          = 1040187392                             {manageable} {ergonomic}
     bool UseCompressedClassPointers               = true                                 {lp64_product} {ergonomic}
     bool UseCompressedOops                        = true                                 {lp64_product} {ergonomic}
     bool UseG1GC                                  = true                                      {product} {ergonomic}
     bool UseLargePagesIndividualAllocation        = false                                  {pd product} {ergonomic}

Logging:
Log output configuration:
 #0: stdout all=warning uptime,level,tags
 #1: stderr all=off uptime,level,tags

Environment Variables:
PATH=C:/Users/Sreeja Mukku/Desktop/sts-4.10.0.RELEASE//plugins/org.eclipse.justj.openjdk.hotspot.jre.full.win32.x86_64_15.0.2.v20210201-0955/jre/bin/server;C:/Users/Sreeja Mukku/Desktop/sts-4.10.0.RELEASE//plugins/org.eclipse.justj.openjdk.hotspot.jre.full.win32.x86_64_15.0.2.v20210201-0955/jre/bin;C:\oraclexe\app\oracle\product\11.2.0\server\bin;;C:\Program Files (x86)\Common Files\Oracle\Java\javapath;C:\ProgramData\Oracle\Java\javapath;C:\WINDOWS\system32;C:\WINDOWS;C:\WINDOWS\System32\Wbem;C:\WINDOWS\System32\WindowsPowerShell\v1.0\;C:\WINDOWS\System32\OpenSSH\;C:\Program Files (x86)\Intel\Intel(R) Management Engine Components\DAL;C:\Program Files\Intel\Intel(R) Management Engine Components\DAL;C:\Program Files (x86)\Intel\Intel(R) Management Engine Components\IPT;C:\Program Files\Intel\Intel(R) Management Engine Components\IPTsearch-ms:displayname=Search%20Results%20in%20Windows%20(C%3A)&crumb=location:C%3A%5C\;C:\Program Files (x86)\Java\jdk1.6.0\bin;C:\Program Files (x86)\Java\jre1.6.0\bin;C:\Program Files\MATLAB\R2019b\runtime\win64;C:\Program Files\MATLAB\R2019b\bin;C:\Program Files\Java\jdk1.8.0_60\bin;C:\Users\Sreeja Mukku\AppData\Local\Microsoft\WindowsApps;;C:\Users\Sreeja Mukku\Desktop\sts-4.10.0.RELEASE;
USERNAME=Sreeja Mukku
OS=Windows_NT
PROCESSOR_IDENTIFIER=Intel64 Family 6 Model 142 Stepping 9, GenuineIntel



---------------  S Y S T E M  ---------------

OS:
 Windows 10 , 64 bit Build 19041 (10.0.19041.928)
OS uptime: 21 days 5:04 hours

CPU: total 4 (initial active 4) (2 cores per cpu, 2 threads per core) family 6 model 142 stepping 9 microcode 0xde, cmov, cx8, fxsr, mmx, sse, sse2, sse3, ssse3, sse4.1, sse4.2, popcnt, vzeroupper, avx, avx2, aes, clmul, erms, 3dnowpref, lzcnt, ht, tsc, tscinvbit, bmi1, bmi2, adx, fma, clflush, clflushopt

Memory: 4k page, system-wide physical 3964M (266M free)
TotalPageFile size 16252M (AvailPageFile size 3M)
current process WorkingSet (physical memory assigned to process): 76M, peak: 76M
current process commit charge ("private bytes"): 150M, peak: 150M

vm_info: OpenJDK 64-Bit Server VM (15.0.2+7-27) for windows-amd64 JRE (15.0.2+7-27), built on Dec  7 2020 20:02:38 by "mach5one" with unknown MS VC++:1925

END.
