#
# There is insufficient memory for the Java Runtime Environment to continue.
# Native memory allocation (mmap) failed to map 65011712 bytes for G1 virtual space
# Possible reasons:
#   The system is out of physical RAM or swap space
#   The process is running with CompressedOops enabled, and the Java Heap may be blocking the growth of the native heap
# Possible solutions:
#   Reduce memory load on the system
#   Increase physical memory or swap space
#   Check if swap backing store is full
#   Decrease Java heap size (-Xmx/-Xms)
#   Decrease number of Java threads
#   Decrease Java thread stack sizes (-Xss)
#   Set larger code cache with -XX:ReservedCodeCacheSize=
#   JVM is running with Unscaled Compressed Oops mode in which the Java heap is
#     placed in the first 4GB address space. The Java Heap base address is the
#     maximum limit for the native heap growth. Please use -XX:HeapBaseMinAddress
#     to set the Java Heap base and to place the Java Heap above 4GB virtual address.
# This output file may be truncated or incomplete.
#
#  Out of Memory Error (./open/src/hotspot/os/windows/os_windows.cpp:3321), pid=21912, tid=29160
#
# JRE version:  (15.0.2+7) (build )
# Java VM: OpenJDK 64-Bit Server VM (15.0.2+7-27, mixed mode, sharing, tiered, compressed oops, g1 gc, windows-amd64)
# No core dump will be written. Minidumps are not enabled by default on client versions of Windows
#

---------------  S U M M A R Y ------------

Command Line: -Dfile.encoding=Cp1252 -XX:+ShowCodeDetailsInExceptionMessages com.capg.jpa.p3.MainClass

Host: Intel(R) Core(TM) i3-7100U CPU @ 2.40GHz, 4 cores, 3G,  Windows 10 , 64 bit Build 19041 (10.0.19041.928)
Time: Fri May  7 13:17:01 2021 India Standard Time elapsed time: 0.113589 seconds (0d 0h 0m 0s)

---------------  T H R E A D  ---------------

Current thread (0x00000248df7397f0):  JavaThread "Unknown thread" [_thread_in_vm, id=29160, stack(0x0000008a0f200000,0x0000008a0f300000)]

Stack: [0x0000008a0f200000,0x0000008a0f300000]
Native frames: (J=compiled Java code, j=interpreted, Vv=VM code, C=native code)
V  [jvm.dll+0x62ae9a]
V  [jvm.dll+0x7817a9]
V  [jvm.dll+0x782f03]
V  [jvm.dll+0x783563]
V  [jvm.dll+0x216325]
V  [jvm.dll+0x6281d9]
V  [jvm.dll+0x61cf55]
V  [jvm.dll+0x2cffdd]
V  [jvm.dll+0x2cfe42]
V  [jvm.dll+0x2d5e1c]
V  [jvm.dll+0x32590a]
V  [jvm.dll+0x324fd4]
V  [jvm.dll+0x2a6f5a]
V  [jvm.dll+0x2a80f8]
V  [jvm.dll+0x75e241]
V  [jvm.dll+0x3341c4]
V  [jvm.dll+0x73e926]
V  [jvm.dll+0x3b7557]
V  [jvm.dll+0x3b8fe1]
C  [jli.dll+0x52fb]
C  [ucrtbase.dll+0x21bb2]
C  [KERNEL32.DLL+0x17034]
C  [ntdll.dll+0x52651]


---------------  P R O C E S S  ---------------

Threads class SMR info:
_java_thread_list=0x00007ffdca9c4ff0, length=0, elements={
}

Java Threads: ( => current thread )

Other Threads:
  0x00000248df769730 GCTaskThread "GC Thread#0" [stack: 0x0000008a0f300000,0x0000008a0f400000] [id=25592]
  0x00000248df772510 ConcurrentGCThread "G1 Main Marker" [stack: 0x0000008a0f400000,0x0000008a0f500000] [id=18276]
  0x00000248df774840 ConcurrentGCThread "G1 Conc#0" [stack: 0x0000008a0f500000,0x0000008a0f600000] [id=38960]

[error occurred during error reporting (printing all threads), id 0xc0000005, EXCEPTION_ACCESS_VIOLATION (0xc0000005) at pc=0x00007ffdca1b7e27]

VM state: not at safepoint (not fully initialized)

VM Mutex/Monitor currently owned by a thread:  ([mutex/lock_event])
[0x00000248df734e10] Heap_lock - owner thread: 0x00000248df7397f0

Heap address: 0x00000000c2000000, size: 992 MB, Compressed Oops mode: 32-bit
CDS archive(s) mapped at: [0x0000000000000000-0x0000000000000000-0x0000000000000000), size 0, SharedBaseAddress: 0x0000000800000000, ArchiveRelocationMode: 0.
Narrow klass base: 0x0000000000000000, Narrow klass shift: 0, Narrow klass range: 0x0

Heap:
 garbage-first heap   total 63488K, used 0K [0x00000000c2000000, 0x0000000100000000)
  region size 1024K, 0 young (0K), 0 survivors (0K)
 Metaspace       used 0K, capacity 0K, committed 0K, reserved 0K
  class space    used 0K, capacity 0K, committed 0K, reserved 0K

Heap Regions: E=young(eden), S=young(survivor), O=old, HS=humongous(starts), HC=humongous(continues), CS=collection set, F=free, OA=open archive, CA=closed archive, TAMS=top-at-mark-start (previous, next)

Card table byte_map: [0x00000248f2340000,0x00000248f2530000] _byte_map_base: 0x00000248f1d30000

Marking Bits (Prev, Next): (CMBitMap*) 0x00000248df769eb0, (CMBitMap*) 0x00000248df769ef0
 Prev Bits: [0x00000248f2720000, 0x00000248f36a0000)
 Next Bits: [0x00000248f36a0000, 0x00000248f4620000)

GC Heap History (0 events):
No events

Deoptimization events (0 events):
No events

Classes unloaded (0 events):
No events

Classes redefined (0 events):
No events

Internal exceptions (0 events):
No events

Events (1 events):
Event: 0.075 Loaded shared library C:\Users\Sreeja Mukku\Desktop\sts-4.10.0.RELEASE\plugins\org.eclipse.justj.openjdk.hotspot.jre.full.win32.x86_64_15.0.2.v20210201-0955\jre\bin\java.dll


Dynamic libraries:
0x00007ff659530000 - 0x00007ff65953d000 	C:\Users\Sreeja Mukku\Desktop\sts-4.10.0.RELEASE\plugins\org.eclipse.justj.openjdk.hotspot.jre.full.win32.x86_64_15.0.2.v20210201-0955\jre\bin\javaw.exe
0x00007ffe0ff10000 - 0x00007ffe10105000 	C:\WINDOWS\SYSTEM32\ntdll.dll
0x00007ffe0eae0000 - 0x00007ffe0eb9d000 	C:\WINDOWS\System32\KERNEL32.DLL
0x00007ffe0d750000 - 0x00007ffe0da18000 	C:\WINDOWS\System32\KERNELBASE.dll
0x00007ffe0da20000 - 0x00007ffe0db20000 	C:\WINDOWS\System32\ucrtbase.dll
0x00007ffde6b10000 - 0x00007ffde6b28000 	C:\Users\Sreeja Mukku\Desktop\sts-4.10.0.RELEASE\plugins\org.eclipse.justj.openjdk.hotspot.jre.full.win32.x86_64_15.0.2.v20210201-0955\jre\bin\jli.dll
0x00007ffde49d0000 - 0x00007ffde49e9000 	C:\Users\Sreeja Mukku\Desktop\sts-4.10.0.RELEASE\plugins\org.eclipse.justj.openjdk.hotspot.jre.full.win32.x86_64_15.0.2.v20210201-0955\jre\bin\VCRUNTIME140.dll
0x00007ffe0fc10000 - 0x00007ffe0fdb0000 	C:\WINDOWS\System32\USER32.dll
0x00007ffe0dc80000 - 0x00007ffe0dca2000 	C:\WINDOWS\System32\win32u.dll
0x00007ffdfc1e0000 - 0x00007ffdfc47a000 	C:\WINDOWS\WinSxS\amd64_microsoft.windows.common-controls_6595b64144ccf1df_6.0.19041.844_none_ca00b6081b84eb1d\COMCTL32.dll
0x00007ffe0dfd0000 - 0x00007ffe0dffa000 	C:\WINDOWS\System32\GDI32.dll
0x00007ffe0ea40000 - 0x00007ffe0eade000 	C:\WINDOWS\System32\msvcrt.dll
0x00007ffe0dd80000 - 0x00007ffe0de8b000 	C:\WINDOWS\System32\gdi32full.dll
0x00007ffe0dce0000 - 0x00007ffe0dd7d000 	C:\WINDOWS\System32\msvcp_win.dll
0x00007ffe0edc0000 - 0x00007ffe0edf0000 	C:\WINDOWS\System32\IMM32.DLL
0x00007ffdf8fb0000 - 0x00007ffdf8fbc000 	C:\Users\Sreeja Mukku\Desktop\sts-4.10.0.RELEASE\plugins\org.eclipse.justj.openjdk.hotspot.jre.full.win32.x86_64_15.0.2.v20210201-0955\jre\bin\vcruntime140_1.dll
0x00007ffdd8130000 - 0x00007ffdd81c1000 	C:\Users\Sreeja Mukku\Desktop\sts-4.10.0.RELEASE\plugins\org.eclipse.justj.openjdk.hotspot.jre.full.win32.x86_64_15.0.2.v20210201-0955\jre\bin\msvcp140.dll
0x00007ffdc9f00000 - 0x00007ffdcaa5e000 	C:\Users\Sreeja Mukku\Desktop\sts-4.10.0.RELEASE\plugins\org.eclipse.justj.openjdk.hotspot.jre.full.win32.x86_64_15.0.2.v20210201-0955\jre\bin\server\jvm.dll
0x00007ffe0fdb0000 - 0x00007ffe0fe5c000 	C:\WINDOWS\System32\ADVAPI32.dll
0x00007ffe0e410000 - 0x00007ffe0e4ab000 	C:\WINDOWS\System32\sechost.dll
0x00007ffe0eba0000 - 0x00007ffe0eccb000 	C:\WINDOWS\System32\RPCRT4.dll
0x00007ffe0ea20000 - 0x00007ffe0ea28000 	C:\WINDOWS\System32\PSAPI.DLL
0x00007ffdf8240000 - 0x00007ffdf8249000 	C:\WINDOWS\SYSTEM32\WSOCK32.dll
0x00007ffe0fe60000 - 0x00007ffe0fecb000 	C:\WINDOWS\System32\WS2_32.dll
0x00007ffe04220000 - 0x00007ffe04247000 	C:\WINDOWS\SYSTEM32\WINMM.dll
0x00007ffe07010000 - 0x00007ffe0701a000 	C:\WINDOWS\SYSTEM32\VERSION.dll
0x00007ffe0bf20000 - 0x00007ffe0bf32000 	C:\WINDOWS\SYSTEM32\kernel.appcore.dll
0x00007ffe04120000 - 0x00007ffe0412a000 	C:\Users\Sreeja Mukku\Desktop\sts-4.10.0.RELEASE\plugins\org.eclipse.justj.openjdk.hotspot.jre.full.win32.x86_64_15.0.2.v20210201-0955\jre\bin\jimage.dll
0x00007ffe0b480000 - 0x00007ffe0b664000 	C:\WINDOWS\SYSTEM32\DBGHELP.DLL
0x00007ffe076f0000 - 0x00007ffe0771c000 	C:\WINDOWS\SYSTEM32\dbgcore.DLL
0x00007ffe0def0000 - 0x00007ffe0df70000 	C:\WINDOWS\System32\bcryptPrimitives.dll
0x00007ffdec5e0000 - 0x00007ffdec605000 	C:\Users\Sreeja Mukku\Desktop\sts-4.10.0.RELEASE\plugins\org.eclipse.justj.openjdk.hotspot.jre.full.win32.x86_64_15.0.2.v20210201-0955\jre\bin\java.dll

dbghelp: loaded successfully - version: 4.0.5 - missing functions: none
symbol engine: initialized successfully - sym options: 0x614 - pdb path: .;C:\Users\Sreeja Mukku\Desktop\sts-4.10.0.RELEASE\plugins\org.eclipse.justj.openjdk.hotspot.jre.full.win32.x86_64_15.0.2.v20210201-0955\jre\bin;C:\WINDOWS\SYSTEM32;C:\WINDOWS\WinSxS\amd64_microsoft.windows.common-controls_6595b64144ccf1df_6.0.19041.844_none_ca00b6081b84eb1d;C:\Users\Sreeja Mukku\Desktop\sts-4.10.0.RELEASE\plugins\org.eclipse.justj.openjdk.hotspot.jre.full.win32.x86_64_15.0.2.v20210201-0955\jre\bin\server

VM Arguments:
jvm_args: -Dfile.encoding=Cp1252 -XX:+ShowCodeDetailsInExceptionMessages 
java_command: com.capg.jpa.p3.MainClass
java_class_path (initial): C:\Users\Sreeja Mukku\Desktop\javafile\jpa\target\classes;C:\Users\Sreeja Mukku\.m2\repository\com\sun\xml\bind\jaxb-impl\2.3.0.1\jaxb-impl-2.3.0.1.jar;C:\Users\Sreeja Mukku\.m2\repository\javax\xml\bind\jaxb-api\2.3.0\jaxb-api-2.3.0.jar;C:\Users\Sreeja Mukku\.m2\repository\javax\activation\activation\1.1.1\activation-1.1.1.jar;C:\Users\Sreeja Mukku\.m2\repository\com\sun\xml\bind\jaxb-core\2.3.0.1\jaxb-core-2.3.0.1.jar;C:\Users\Sreeja Mukku\.m2\repository\oracle\ojdbc6\11.2.0.3\ojdbc6-11.2.0.3.jar;C:\Users\Sreeja Mukku\.m2\repository\org\apache\maven\plugins\maven-compiler-plugin\3.7.0\maven-compiler-plugin-3.7.0.jar;C:\Users\Sreeja Mukku\.m2\repository\org\apache\maven\maven-plugin-api\3.0\maven-plugin-api-3.0.jar;C:\Users\Sreeja Mukku\.m2\repository\org\apache\maven\maven-model\3.0\maven-model-3.0.jar;C:\Users\Sreeja Mukku\.m2\repository\org\sonatype\sisu\sisu-inject-plexus\1.4.2\sisu-inject-plexus-1.4.2.jar;C:\Users\Sreeja Mukku\.m2\repository\org\sonatype\sisu\sisu-inject-bean\1.4.2\sisu-inject-bean-1.4.2.jar;C:\Users\Sreeja Mukku\.m2\repository\org\sonatype\sisu\sisu-guice\2.1.7\sisu-guice-2.1.7-noaop.jar;C:\Users\Sreeja Mukku\.m2\repository\org\apache\maven\maven-artifact\3.0\maven-artifact-3.0.jar;C:\Users\Sreeja Mukku\.m2\repository\org\codehaus\plexus\plexus-utils\2.0.4\plexus-utils-2.0.4.jar;C:\Users\Sreeja Mukku\.m2\repository\org\apache\maven\maven-core\3.0\maven-core-3.0.jar;C:\Users\Sreeja Mukku\.m2\repository\org\apache\maven\maven-settings\3.0\maven-settings-3.0.jar;C:\Users\Sreeja Mukku\.m2\repository\org\apache\maven\maven-settings-builder\3.0\maven-settings-builder-3.0.jar;C:\Users\Sreeja Mukku\.m2\repository\org\apache\maven\maven-repository-metadata\3.0\maven-repository-metadata-3.0.jar;C:\Users\Sreeja Mukku\.m2\repository\org\apache\maven\maven-model-builder\3.0\maven-model-builder-3.0.jar;C:\Users\Sreeja Mukku\.m2\repository\org\apache\maven\maven-aether-provider\3.0\maven-aether-provider-3.0.jar;C:\Users\Sreeja M
Launcher Type: SUN_STANDARD

[Global flags]
     intx CICompilerCount                          = 3                                         {product} {ergonomic}
     uint ConcGCThreads                            = 1                                         {product} {ergonomic}
     uint G1ConcRefinementThreads                  = 4                                         {product} {ergonomic}
   size_t G1HeapRegionSize                         = 1048576                                   {product} {ergonomic}
    uintx GCDrainStackTargetSize                   = 64                                        {product} {ergonomic}
   size_t InitialHeapSize                          = 65011712                                  {product} {ergonomic}
   size_t MarkStackSize                            = 4194304                                   {product} {ergonomic}
   size_t MaxHeapSize                              = 1040187392                                {product} {ergonomic}
   size_t MinHeapDeltaBytes                        = 1048576                                   {product} {ergonomic}
   size_t MinHeapSize                              = 8388608                                   {product} {ergonomic}
    uintx NonNMethodCodeHeapSize                   = 5832780                                {pd product} {ergonomic}
    uintx NonProfiledCodeHeapSize                  = 122912730                              {pd product} {ergonomic}
    uintx ProfiledCodeHeapSize                     = 122912730                              {pd product} {ergonomic}
    uintx ReservedCodeCacheSize                    = 251658240                              {pd product} {ergonomic}
     bool SegmentedCodeCache                       = true                                      {product} {ergonomic}
     bool ShowCodeDetailsInExceptionMessages       = true                                   {manageable} {command line}
   size_t SoftMaxHeapSize                          = 1040187392                             {manageable} {ergonomic}
     bool UseCompressedClassPointers               = true                                 {lp64_product} {ergonomic}
     bool UseCompressedOops                        = true                                 {lp64_product} {ergonomic}
     bool UseG1GC                                  = true                                      {product} {ergonomic}
     bool UseLargePagesIndividualAllocation        = false                                  {pd product} {ergonomic}

Logging:
Log output configuration:
 #0: stdout all=warning uptime,level,tags
 #1: stderr all=off uptime,level,tags

Environment Variables:
PATH=C:/Users/Sreeja Mukku/Desktop/sts-4.10.0.RELEASE//plugins/org.eclipse.justj.openjdk.hotspot.jre.full.win32.x86_64_15.0.2.v20210201-0955/jre/bin/server;C:/Users/Sreeja Mukku/Desktop/sts-4.10.0.RELEASE//plugins/org.eclipse.justj.openjdk.hotspot.jre.full.win32.x86_64_15.0.2.v20210201-0955/jre/bin;C:\oraclexe\app\oracle\product\11.2.0\server\bin;;C:\Program Files (x86)\Common Files\Oracle\Java\javapath;C:\ProgramData\Oracle\Java\javapath;C:\WINDOWS\system32;C:\WINDOWS;C:\WINDOWS\System32\Wbem;C:\WINDOWS\System32\WindowsPowerShell\v1.0\;C:\WINDOWS\System32\OpenSSH\;C:\Program Files (x86)\Intel\Intel(R) Management Engine Components\DAL;C:\Program Files\Intel\Intel(R) Management Engine Components\DAL;C:\Program Files (x86)\Intel\Intel(R) Management Engine Components\IPT;C:\Program Files\Intel\Intel(R) Management Engine Components\IPTsearch-ms:displayname=Search%20Results%20in%20Windows%20(C%3A)&crumb=location:C%3A%5C\;C:\Program Files (x86)\Java\jdk1.6.0\bin;C:\Program Files (x86)\Java\jre1.6.0\bin;C:\Program Files\MATLAB\R2019b\runtime\win64;C:\Program Files\MATLAB\R2019b\bin;C:\Program Files\Java\jdk1.8.0_60\bin;C:\Users\Sreeja Mukku\AppData\Local\Microsoft\WindowsApps;;C:\Users\Sreeja Mukku\Desktop\sts-4.10.0.RELEASE;
USERNAME=Sreeja Mukku
OS=Windows_NT
PROCESSOR_IDENTIFIER=Intel64 Family 6 Model 142 Stepping 9, GenuineIntel



---------------  S Y S T E M  ---------------

OS:
 Windows 10 , 64 bit Build 19041 (10.0.19041.928)
OS uptime: 21 days 5:01 hours

CPU: total 4 (initial active 4) (2 cores per cpu, 2 threads per core) family 6 model 142 stepping 9 microcode 0xde, cmov, cx8, fxsr, mmx, sse, sse2, sse3, ssse3, sse4.1, sse4.2, popcnt, vzeroupper, avx, avx2, aes, clmul, erms, 3dnowpref, lzcnt, ht, tsc, tscinvbit, bmi1, bmi2, adx, fma, clflush, clflushopt

Memory: 4k page, system-wide physical 3964M (193M free)
TotalPageFile size 16252M (AvailPageFile size 48M)
current process WorkingSet (physical memory assigned to process): 9M, peak: 9M
current process commit charge ("private bytes"): 51M, peak: 113M

vm_info: OpenJDK 64-Bit Server VM (15.0.2+7-27) for windows-amd64 JRE (15.0.2+7-27), built on Dec  7 2020 20:02:38 by "mach5one" with unknown MS VC++:1925

END.
